{"level":"info","message":"Hello from Acquisitions!","service":"devops-acquisitions-service"}
{"level":"info","message":"::1 - - [05/Jul/2026:18:08:07 +0000] \"GET / HTTP/1.1\" 304 - \"-\" \"Mozilla/5.0 (Macintosh; Intel Mac OS X 10_15_7) AppleWebKit/537.36 (KHTML, like Gecko) Cursor/3.9.16 Chrome/144.0.7559.236 Electron/40.10.3 Safari/537.36\"","service":"devops-acquisitions-service"}
{"level":"info","message":"Hello from Acquisitions!","service":"devops-acquisitions-service"}
{"level":"info","message":"::1 - - [06/Jul/2026:16:08:15 +0000] \"GET / HTTP/1.1\" 200 24 \"-\" \"HTTPie\"","service":"devops-acquisitions-service"}
{"level":"info","message":"::1 - - [06/Jul/2026:16:08:23 +0000] \"GET /health HTTP/1.1\" 200 76 \"-\" \"HTTPie\"","service":"devops-acquisitions-service"}
{"level":"info","message":"::1 - - [06/Jul/2026:18:12:28 +0000] \"POST /api/auth/sign-up HTTP/1.1\" 400 91 \"-\" \"HTTPie\"","service":"devops-acquisitions-service"}
{"level":"error","message":"Error creating user : Error: User with email already exists","service":"devops-acquisitions-service"}
{"level":"error","message":"Sign up Error Error creating user","service":"devops-acquisitions-service","stack":"Error: Error creating user\n    at createUser (file:///Users/ahmad/Desktop/Practice%20Projects/Docker/devops-acquisitions/src/services/auth.service.js:51:11)\n    at process.processTicksAndRejections (node:internal/process/task_queues:95:5)\n    at async signUp (file:///Users/ahmad/Desktop/Practice%20Projects/Docker/devops-acquisitions/src/controllers/auth.controller.js:30:18)"}
{"level":"info","message":"::1 - - [06/Jul/2026:18:12:38 +0000] \"POST /api/auth/sign-up HTTP/1.1\" 500 542 \"-\" \"HTTPie\"","service":"devops-acquisitions-service"}
{"level":"error","message":"Error creating user : Error: User with email already exists","service":"devops-acquisitions-service"}
{"level":"error","message":"Sign up Error Error creating user","service":"devops-acquisitions-service","stack":"Error: Error creating user\n    at createUser (file:///Users/ahmad/Desktop/Practice%20Projects/Docker/devops-acquisitions/src/services/auth.service.js:51:11)\n    at process.processTicksAndRejections (node:internal/process/task_queues:95:5)\n    at async signUp (file:///Users/ahmad/Desktop/Practice%20Projects/Docker/devops-acquisitions/src/controllers/auth.controller.js:30:18)"}
{"level":"info","message":"::1 - - [06/Jul/2026:18:13:12 +0000] \"POST /api/auth/sign-up HTTP/1.1\" 500 542 \"-\" \"HTTPie\"","service":"devops-acquisitions-service"}
{"level":"error","message":"Error creating user : Error: User with email already exists","service":"devops-acquisitions-service"}
{"level":"error","message":"Sign up Error Error creating user","service":"devops-acquisitions-service","stack":"Error: Error creating user\n    at createUser (file:///Users/ahmad/Desktop/Practice%20Projects/Docker/devops-acquisitions/src/services/auth.service.js:51:11)\n    at process.processTicksAndRejections (node:internal/process/task_queues:95:5)\n    at async signUp (file:///Users/ahmad/Desktop/Practice%20Projects/Docker/devops-acquisitions/src/controllers/auth.controller.js:30:18)"}
{"level":"info","message":"::1 - - [06/Jul/2026:18:15:22 +0000] \"POST /api/auth/sign-up HTTP/1.1\" 500 542 \"-\" \"HTTPie\"","service":"devops-acquisitions-service"}
{"level":"error","message":"Error hashing password : Error: data and salt arguments required","service":"devops-acquisitions-service"}
{"level":"error","message":"Error creating user : Error: Error hashing password","service":"devops-acquisitions-service"}
{"level":"error","message":"Sign up Error Error creating user","service":"devops-acquisitions-service","stack":"Error: Error creating user\n    at createUser (file:///Users/ahmad/Desktop/Practice%20Projects/Docker/devops-acquisitions/src/services/auth.service.js:51:11)\n    at process.processTicksAndRejections (node:internal/process/task_queues:95:5)\n    at async signUp (file:///Users/ahmad/Desktop/Practice%20Projects/Docker/devops-acquisitions/src/controllers/auth.controller.js:30:18)"}
{"level":"info","message":"::1 - - [06/Jul/2026:18:16:02 +0000] \"POST /api/auth/sign-up HTTP/1.1\" 500 542 \"-\" \"HTTPie\"","service":"devops-acquisitions-service"}
{"level":"info","message":"User created successfully - saleembhai@gmail.com","service":"devops-acquisitions-service"}
{"level":"info","message":"User created successfully - saleembhai@gmail.com","service":"devops-acquisitions-service"}
{"level":"info","message":"::1 - - [06/Jul/2026:18:18:24 +0000] \"POST /api/auth/sign-up HTTP/1.1\" 201 127 \"-\" \"HTTPie\"","service":"devops-acquisitions-service"}
